Log: 2020-07-15 13:22:58 INFO - Se Borro la transaccion id[1]
Log: 2020-07-15 13:23:10 INFO - Se agrego transaccion id[1]
Log: 2020-07-15 13:23:23 INFO - Se Actualizo la transaccion id[1]
Log: 2020-07-15 13:23:58 INFO - Se agrego transaccion id[2]
Log: 2020-07-15 13:24:48 INFO - Se Borro la transaccion id[2]
Log: 2020-07-15 18:20:50 INFO - Se agrego transaccion id[2]
Log: 2020-07-15 18:34:04 INFO - Se agrego transaccion id[1]
Log: 2020-07-15 18:39:50 INFO - Se Actualizo la transaccion id[1]
Log: 2020-07-15 18:39:55 INFO - Se Borro la transaccion id[1]
Log: 2020-07-15 18:40:19 INFO - Se agrego transaccion id[1]
Log: 2020-07-15 18:41:20 INFO - Se agrego transaccion id[2]
Log: 2020-07-15 18:42:11 INFO - Se Borro la transaccion id[1]
Log: 2020-07-15 19:35:30 INFO - Se agrego transaccion id[1]
Log: 2020-07-15 19:35:52 INFO - Se agrego transaccion id[1]
Log: 2020-07-15 19:40:10 INFO - Se agrego transaccion id[1]
Log: 2020-07-15 19:40:32 INFO - Se agrego transaccion id[1]
Log: 2020-07-15 19:41:44 INFO - Se agrego transaccion id[1]
Log: 2020-07-15 23:47:30 INFO - Se agrego transaccion id[1]
Log: 2020-07-16 00:40:33 INFO - Se agrego transaccion id[1]
Log: 2020-07-16 00:43:44 INFO - Se agrego transaccion id[1]
Log: 2020-07-16 00:44:33 INFO - Se agrego transaccion id[1]
Log: 2020-07-16 00:45:01 INFO - Se agrego transaccion id[1]
Log: 2020-07-16 00:47:55 INFO - Se agrego transaccion id[1]
Log: 2020-07-16 00:52:28 INFO - Se agrego transaccion id[1]
Log: 2020-07-16 00:53:04 INFO - Se Borro la transaccion id[]
Log: 2020-07-16 00:53:55 INFO - Se agrego transaccion id[1]
Log: 2020-07-16 00:54:54 INFO - Se agrego transaccion id[1]
Log: 2020-07-16 00:57:03 INFO - Se agrego transaccion id[1]
Log: 2020-07-16 00:58:43 INFO - Se agrego transaccion id[1]
Log: 2020-07-16 00:59:41 INFO - Se agrego transaccion id[1]
Log: 2020-07-16 02:15:44 INFO - Se agrego transaccion id[1]
Log: 2020-07-16 03:01:20 INFO - Se agrego transaccion id[1]
Log: 2020-07-16 03:02:31 INFO - Se agrego transaccion id[1]
Log: 2020-07-16 10:05:40 INFO - Se agrego transaccion id[1]
Log: 2020-07-16 10:14:30 INFO - Se agrego transaccion id[1]
Log: 2020-07-16 10:15:10 INFO - Se agrego transaccion id[1]
Log: 2020-07-16 10:17:50 INFO - Se agrego transaccion id[2]
Log: 2020-07-16 10:28:29 INFO - Se agrego transaccion id[3]
Log: 2020-07-16 10:29:36 INFO - Se agrego transaccion id[1]
Log: 2020-07-16 10:30:13 INFO - Se agrego transaccion id[2]
Log: 2020-07-16 10:30:56 INFO - Se Actualizo la transaccion id[1]
Log: 2020-07-16 10:31:12 INFO - Se Actualizo la transaccion id[2]
Log: 2020-07-16 10:31:21 INFO - Se Borro la transaccion id[1]
Log: 2020-07-16 10:34:32 INFO - Se agrego transaccion id[3]
Log: 2020-07-17 02:17:25 INFO - Se agrego transaccion id[4]
Log: 2020-07-17 02:17:39 INFO - Se Borro la transaccion id[3]
Log: 2020-07-17 02:18:28 INFO - Se Actualizo la transaccion id[4]
Log: 2020-07-17 02:18:50 INFO - Se agrego transaccion id[5]
Log: 2020-07-17 02:19:08 INFO - Se Actualizo la transaccion id[5]
Log: 2020-07-17 02:21:19 INFO - Se Borro la transaccion id[2]
Log: 2020-07-17 02:21:39 INFO - Se agrego transaccion id[6]
Log: 2020-07-17 03:08:35 INFO - Se agrego transaccion id[]
Log: 2020-07-17 03:08:35 INFO - Se agrego transaccion id[]
Log: 2020-07-17 03:08:35 INFO - Se agrego transaccion id[]
Log: 2020-07-17 03:12:29 INFO - Se agrego transaccion id[]
Log: 2020-07-17 03:12:29 INFO - Se agrego transaccion id[]
Log: 2020-07-17 03:12:29 INFO - Se agrego transaccion id[]
Log: 2020-07-17 03:20:20 INFO - Se agrego transaccion id[]
Log: 2020-07-17 03:20:21 INFO - Se agrego transaccion id[]
Log: 2020-07-17 03:20:21 INFO - Se agrego transaccion id[]
Log: 2020-07-17 03:30:09 INFO - Se agrego transaccion id[]
Log: 2020-07-17 03:30:09 INFO - Se agrego transaccion id[]
Log: 2020-07-17 03:30:09 INFO - Se agrego transaccion id[]
Log: 2020-07-17 03:44:49 INFO - Se agrego transaccion id[7]
Log: 2020-07-17 03:44:57 INFO - Se Borro la transaccion id[6]
Log: 2020-07-17 03:45:25 INFO - Se Actualizo la transaccion id[5]
Log: 2020-07-17 03:47:13 INFO - Se agrego transaccion id[8]
Log: 2020-07-17 03:47:13 INFO - Se agrego transaccion id[9]
Log: 2020-07-17 03:47:13 INFO - Se agrego transaccion id[10]
Log: 2020-07-17 03:48:31 INFO - Se agrego transaccion id[11]
Log: 2020-07-17 03:48:31 INFO - Se agrego transaccion id[12]
Log: 2020-07-17 03:48:55 INFO - Se Borro la transaccion id[12]
Log: 2020-07-17 03:48:59 INFO - Se Borro la transaccion id[10]
Log: 2020-07-17 03:49:01 INFO - Se Borro la transaccion id[8]
Log: 2020-07-17 03:49:04 INFO - Se Borro la transaccion id[7]
Log: 2020-07-17 03:50:15 INFO - Se Actualizo la transaccion id[9]
Log: 2020-07-17 03:50:52 INFO - Se Actualizo la transaccion id[11]
Log: 2020-07-17 03:51:06 INFO - Se Actualizo la transaccion id[9]
